20151111071727
$ git clone "https://github.com/potatskie/rocketeer_test.git" "/home/jerico/rocketeertest/releases/20151112065107" --branch="master" --depth="1"
git clone "https://github.com/potatskie/rocketeer_test.git" "/home/jerico/rocketeertest/releases/20151112065107" --branch="master" --depth="1"
Cloning into '/home/jerico/rocketeertest/releases/20151112065107'...
$ cd /home/jerico/rocketeertest/releases/20151112065107
$ git submodule update --init --recursive
cd /home/jerico/rocketeertest/releases/20151112065107
git submodule update --init --recursive

which: no bundle in (/home/jerico/perl5/bin:/usr/local/jdk/bin:/usr/local/bin:/bin:/usr/bin:/usr/local/bin:/usr/X11R6/bin)
which: no npm in (/home/jerico/perl5/bin:/usr/local/jdk/bin:/usr/local/bin:/bin:/usr/bin:/usr/local/bin:/usr/X11R6/bin)
which: no bower in (/home/jerico/perl5/bin:/usr/local/jdk/bin:/usr/local/bin:/bin:/usr/bin:/usr/local/bin:/usr/X11R6/bin)
which: no bower in (/home/jerico/rocketeertest/releases/20151112065107/node_modules/.bin)
$ cd /home/jerico/rocketeertest/releases/20151112065107
$ chmod -R 755 /home/jerico/rocketeertest/releases/20151112065107/
$ chmod -R g+s /home/jerico/rocketeertest/releases/20151112065107/
$ chmod -R g+x /home/jerico/rocketeertest/releases/20151112065107/
$ chmod -R o+x /home/jerico/rocketeertest/releases/20151112065107/
$ chown -R jerico:jerico /home/jerico/rocketeertest/releases/20151112065107/
cd /home/jerico/rocketeertest/releases/20151112065107
chmod -R 755 /home/jerico/rocketeertest/releases/20151112065107/
chmod -R g+s /home/jerico/rocketeertest/releases/20151112065107/
chmod -R g+x /home/jerico/rocketeertest/releases/20151112065107/
chmod -R o+x /home/jerico/rocketeertest/releases/20151112065107/
chown -R jerico:jerico /home/jerico/rocketeertest/releases/20151112065107/

$ rm -rf /home/jerico/rocketeertest/current
rm -rf /home/jerico/rocketeertest/current

$ ln -s /home/jerico/rocketeertest/releases/20151112065107 /home/jerico/rocketeertest/current
ln -s /home/jerico/rocketeertest/releases/20151112065107 /home/jerico/rocketeertest/current

$ cd /home/jerico/rocketeertest/releases/20151112065107
$ find . -type f -print0 | xargs -0 chmod 0644
cd /home/jerico/rocketeertest/releases/20151112065107
find . -type f -print0 | xargs -0 chmod 0644

|=> No releases to prune from the server